I, [2016-02-25T15:46:48.356779 #3404]  INFO -- : Refreshing Gem list
I, [2016-02-25T15:46:50.305109 #3404]  INFO -- : listening on addr=/home/nesl/labweb/shared/sockets/unicorn.sock fd=10
I, [2016-02-25T15:46:50.305231 #3404]  INFO -- : worker=0 spawning...
I, [2016-02-25T15:46:50.306395 #3404]  INFO -- : worker=1 spawning...
I, [2016-02-25T15:46:50.307281 #3404]  INFO -- : worker=2 spawning...
I, [2016-02-25T15:46:50.308026 #3453]  INFO -- : worker=0 spawned pid=3453
I, [2016-02-25T15:46:50.308158 #3453]  INFO -- : worker=0 ready
I, [2016-02-25T15:46:50.309136 #3404]  INFO -- : worker=3 spawning...
I, [2016-02-25T15:46:50.309800 #3455]  INFO -- : worker=1 spawned pid=3455
I, [2016-02-25T15:46:50.309950 #3455]  INFO -- : worker=1 ready
I, [2016-02-25T15:46:50.310986 #3404]  INFO -- : master process ready
I, [2016-02-25T15:46:50.311794 #3458]  INFO -- : worker=2 spawned pid=3458
I, [2016-02-25T15:46:50.311941 #3458]  INFO -- : worker=2 ready
I, [2016-02-25T15:46:50.312672 #3461]  INFO -- : worker=3 spawned pid=3461
I, [2016-02-25T15:46:50.312815 #3461]  INFO -- : worker=3 ready
I, [2016-02-25T15:47:18.121019 #3404]  INFO -- : reaped #<Process::Status: pid 3453 exit 0> worker=0
I, [2016-02-25T15:47:18.121175 #3404]  INFO -- : reaped #<Process::Status: pid 3455 exit 0> worker=1
I, [2016-02-25T15:47:18.121244 #3404]  INFO -- : reaped #<Process::Status: pid 3458 exit 0> worker=2
I, [2016-02-25T15:47:18.121308 #3404]  INFO -- : reaped #<Process::Status: pid 3461 exit 0> worker=3
I, [2016-02-25T15:47:18.121676 #3404]  INFO -- : master complete
